

*******************************************************************************
Sat Jun 29 13:30:05 2013


FIT:    data read from 'modelfit.data'
        format = z
        #datapoints = 7
        residuals are weighted equally (unit weight)

function used for fitting: f1(x)
fitted parameters initialized with current variable values



 Iteration 0
 WSSR        : 6.06204e+07       delta(WSSR)/WSSR   : 0
 delta(WSSR) : 0                 limit for stopping : 1e-05
 lambda	  : 7080.31

initial set of free parameter values

N0              = 500
r               = 0.1

After 9 iterations the fit converged.
final sum of squares of residuals : 1.77449e+06
rel. change during last iteration : -7.96833e-06

degrees of freedom    (FIT_NDF)                        : 5
rms of residuals      (FIT_STDFIT) = sqrt(WSSR/ndf)    : 595.733
variance of residuals (reduced chisquare) = WSSR/ndf   : 354898

Final set of parameters            Asymptotic Standard Error
=======================            ==========================

N0              = 626.18           +/- 177.6        (28.36%)
r               = 0.209828         +/- 0.02637      (12.57%)


correlation matrix of the fit parameters:

               N0     r      
N0              1.000 
r              -0.979  1.000 


*******************************************************************************
Sat Jun 29 13:32:37 2013


FIT:    data read from 'modelfit.data'
        format = z
        #datapoints = 7
        residuals are weighted equally (unit weight)

function used for fitting: f2(x)
fitted parameters initialized with current variable values



*******************************************************************************
Sat Jun 29 13:33:04 2013


FIT:    data read from 'modelfit.data'
        format = z
        #datapoints = 7
        residuals are weighted equally (unit weight)

function used for fitting: f2(x)
fitted parameters initialized with current variable values



*******************************************************************************
Sat Jun 29 13:34:01 2013


FIT:    data read from 'modelfit.data'
        format = z
        #datapoints = 7
        residuals are weighted equally (unit weight)

function used for fitting: f2(x)
fitted parameters initialized with current variable values



 Iteration 0
 WSSR        : 1.18751e+13       delta(WSSR)/WSSR   : 0
 delta(WSSR) : 0                 limit for stopping : 1e-05
 lambda	  : 453121

initial set of free parameter values

a               = 1
b               = 1
c               = 1
d               = 1
e               = 1
f               = 1
g               = 1

After 16 iterations the fit converged.
final sum of squares of residuals : 1.22128e-21
rel. change during last iteration : 0


Exactly as many data points as there are parameters.
In this degenerate case, all errors are zero by definition.

Final set of parameters 
======================= 

a               = 233            
b               = 3614.18        
c               = -3094.67       
d               = 1053.35        
e               = -167.97        
f               = 12.6974        
g               = -0.364149      
